
"C:/lscc/radiant/2024.2/tcltk/windows/bin/tclsh" "lab1_ll_impl_1_synthesize.tcl"

synthesis -f C:/Users/llemos/Documents/GitHub/E155-uP-labs/lab1-fpga-7-seg-display/fpga/radiant_project/lab1_ll/impl_1/lab1_ll_impl_1_lattice.synproj -logfile lab1_ll_impl_1_lattice.srp
synthesis:  version Radiant Software (64-bit) 2024.2.0.3.0

Copyright (c) 1991-1994 by NeoCAD Inc. All rights reserved.
Copyright (c) 1995 AT&T Corp.   All rights reserved.
Copyright (c) 1995-2001 Lucent Technologies Inc.  All rights reserved.
Copyright (c) 2001 Agere Systems   All rights reserved.
Copyright (c) 2002-2024 Lattice Semiconductor Corporation,  All rights reserved.
Wed Sep  3 12:05:40 2025


Command Line:  C:\lscc\radiant\2024.2\ispfpga\bin\nt64\synthesis.exe -f C:/Users/llemos/Documents/GitHub/E155-uP-labs/lab1-fpga-7-seg-display/fpga/radiant_project/lab1_ll/impl_1/lab1_ll_impl_1_lattice.synproj -logfile lab1_ll_impl_1_lattice.srp -gui -msgset C:/Users/llemos/Documents/GitHub/E155-uP-labs/lab1-fpga-7-seg-display/fpga/radiant_project/lab1_ll/promote.xml 

INFO <35002000> - synthesis: Lattice Synthesis Engine launched.

Synthesis options:
The -a option is iCE40UP.
The -t option is SG48.
The -sp option is High-Performance_1.2V.
The -p option is iCE40UP5K.

###################### Device Information ######################
----------------------------------------------------------------
Lattice Family        | iCE40UP
----------------------------------------------------------------
Device                | iCE40UP5K
----------------------------------------------------------------
Package               | SG48
----------------------------------------------------------------
Performance Grade     | High-Performance_1.2V
----------------------------------------------------------------
################################################################

####################### Device Resources #######################
----------------------------------------------------------------
Logic Cells           | 5280
----------------------------------------------------------------
RAM Blocks            | 30
----------------------------------------------------------------
DSP Blocks            | 8
----------------------------------------------------------------
PLLs                  | 1
----------------------------------------------------------------
I/O Pins              | 56
----------------------------------------------------------------
################################################################

Resolving user-selected strategy settings...


###################### Strategy Settings #######################
----------------------------------------------------------------
Optimization Goal     | Area
----------------------------------------------------------------
Top-level Module Name | lab1_ll
----------------------------------------------------------------
Target Frequency      | 200.000 MHz
----------------------------------------------------------------
Maximum Fanout        | 1000
----------------------------------------------------------------
Timing Path Count     | 3
----------------------------------------------------------------
RAM Read/Write Check  | False
----------------------------------------------------------------
BRAM Utilization      | 100.0%
----------------------------------------------------------------
DSP Usage             | True
----------------------------------------------------------------
DSP Utilization       | 100.0%
----------------------------------------------------------------
FSM Encoding Style    | Auto
----------------------------------------------------------------
Resolve Mixed Drivers | False
----------------------------------------------------------------
Fix Gated Clocks      | True
----------------------------------------------------------------
Mux Style             | Auto
----------------------------------------------------------------
Use Carry Chain       | True
----------------------------------------------------------------
Carry Chain Length    | Infinite
----------------------------------------------------------------
Loop Limit            | 1950
----------------------------------------------------------------
Use I/O Insertion     | True
----------------------------------------------------------------
Use I/O Registers     | True
----------------------------------------------------------------
Resource Sharing      | True
----------------------------------------------------------------
Propagate Constants   | True
----------------------------------------------------------------
Remove Duplicate Reg  | True
----------------------------------------------------------------
Force GSR             | False
----------------------------------------------------------------
ROM Style             | Auto
----------------------------------------------------------------
RAM Style             | Auto
----------------------------------------------------------------
Remove LOC Properties | False
----------------------------------------------------------------
Partition Flow        | False
----------------------------------------------------------------
################################################################


The -comp option is FALSE.
The -syn option is FALSE.

Output HDL filename: lab1_ll_impl_1.vm
-path C:/Users/llemos/Documents/GitHub/E155-uP-labs/lab1-fpga-7-seg-display/fpga/radiant_project/lab1_ll (searchpath added)
-path C:/Users/llemos/Documents/GitHub/E155-uP-labs/lab1-fpga-7-seg-display/fpga/radiant_project/lab1_ll/impl_1 (searchpath added)
-path C:/lscc/radiant/2024.2/ispfpga/ice40tp/data (searchpath added)
Mixed language design
Verilog design file: C:/lscc/radiant/2024.2/ip/pmi/pmi_iCE40UP.v
Verilog design file: C:/Users/llemos/Documents/GitHub/E155-uP-labs/lab1-fpga-7-seg-display/fpga/radiant_project/lab1_ll/source/impl_1/lab1_ll.sv
Verilog design file: C:/Users/llemos/Documents/GitHub/E155-uP-labs/lab1-fpga-7-seg-display/fpga/radiant_project/lab1_ll/source/impl_1/seven_seg_display.sv
VHDL library: pmi
VHDL design file: C:/lscc/radiant/2024.2/ip/pmi/pmi_iCE40UP.vhd
WARNING <35935050> - input port TRIM9 is not connected on this instance. VDB-5050
WARNING <35935050> - input port TRIM8 is not connected on this instance. VDB-5050
WARNING <35935050> - input port TRIM7 is not connected on this instance. VDB-5050
WARNING <35935050> - input port TRIM6 is not connected on this instance. VDB-5050
WARNING <35935050> - input port TRIM5 is not connected on this instance. VDB-5050
WARNING <35935050> - input port TRIM4 is not connected on this instance. VDB-5050
WARNING <35935050> - input port TRIM3 is not connected on this instance. VDB-5050
WARNING <35935050> - input port TRIM2 is not connected on this instance. VDB-5050
WARNING <35935050> - input port TRIM1 is not connected on this instance. VDB-5050
WARNING <35935050> - input port TRIM0 is not connected on this instance. VDB-5050
WARNING <35935050> - input port I is not connected on this instance. VDB-5050

Compiling design...

Analyzing Verilog file c:/lscc/radiant/2024.2/ip/pmi/pmi_ice40up.v. VERI-1482
INFO <35901328> - c:/lscc/radiant/2024.2/ip/pmi/pmi_ice40up.v(1): analyzing included file c:/lscc/radiant/2024.2/ip/pmi/pmi_addsub.v. VERI-1328
INFO <35901328> - c:/lscc/radiant/2024.2/ip/pmi/pmi_addsub.v(40): analyzing included file c:/lscc/radiant/2024.2/ip/pmi/../common/adder_subtractor/rtl/lscc_add_sub.v. VERI-1328
INFO <35901328> - c:/lscc/radiant/2024.2/ip/pmi/pmi_ice40up.v(2): analyzing included file c:/lscc/radiant/2024.2/ip/pmi/pmi_add.v. VERI-1328
INFO <35901328> - c:/lscc/radiant/2024.2/ip/pmi/pmi_add.v(50): analyzing included file c:/lscc/radiant/2024.2/ip/pmi/../common/adder/rtl/lscc_adder.v. VERI-1328
INFO <35901328> - c:/lscc/radiant/2024.2/ip/pmi/pmi_ice40up.v(3): analyzing included file c:/lscc/radiant/2024.2/ip/pmi/pmi_complex_mult.v. VERI-1328
INFO <35901328> - c:/lscc/radiant/2024.2/ip/pmi/pmi_complex_mult.v(52): analyzing included file c:/lscc/radiant/2024.2/ip/pmi/../common/complex_mult/rtl/lscc_complex_mult.v. VERI-1328
INFO <35901328> - c:/lscc/radiant/2024.2/ip/pmi/pmi_ice40up.v(4): analyzing included file c:/lscc/radiant/2024.2/ip/pmi/pmi_counter.v. VERI-1328
INFO <35901328> - c:/lscc/radiant/2024.2/ip/pmi/pmi_counter.v(39): analyzing included file c:/lscc/radiant/2024.2/ip/pmi/../common/counter/rtl/lscc_cntr.v. VERI-1328
INFO <35901328> - c:/lscc/radiant/2024.2/ip/pmi/pmi_ice40up.v(5): analyzing included file c:/lscc/radiant/2024.2/ip/pmi/pmi_fifo.v. VERI-1328
INFO <35901328> - c:/lscc/radiant/2024.2/ip/pmi/pmi_fifo.v(44): analyzing included file c:/lscc/radiant/2024.2/ip/pmi/../common/fifo/rtl/lscc_fifo.v. VERI-1328
INFO <35901328> - c:/lscc/radiant/2024.2/ip/pmi/pmi_ice40up.v(6): analyzing included file c:/lscc/radiant/2024.2/ip/pmi/pmi_fifo_dc.v. VERI-1328
INFO <35901328> - c:/lscc/radiant/2024.2/ip/pmi/pmi_fifo_dc.v(47): analyzing included file c:/lscc/radiant/2024.2/ip/pmi/../common/fifo_dc/rtl/lscc_fifo_dc.v. VERI-1328
INFO <35901328> - c:/lscc/radiant/2024.2/ip/pmi/pmi_ice40up.v(7): analyzing included file c:/lscc/radiant/2024.2/ip/pmi/pmi_mac.v. VERI-1328
INFO <35901328> - c:/lscc/radiant/2024.2/ip/pmi/pmi_mac.v(52): analyzing included file c:/lscc/radiant/2024.2/ip/pmi/../common/mult_accumulate/rtl/lscc_mult_accumulate.v. VERI-1328
INFO <35901328> - c:/lscc/radiant/2024.2/ip/pmi/pmi_ice40up.v(8): analyzing included file c:/lscc/radiant/2024.2/ip/pmi/pmi_multaddsubsum.v. VERI-1328
INFO <35901328> - c:/lscc/radiant/2024.2/ip/pmi/pmi_multaddsubsum.v(53): analyzing included file c:/lscc/radiant/2024.2/ip/pmi/../common/mult_add_sub_sum/rtl/lscc_mult_add_sub_sum.v. VERI-1328
INFO <35901328> - c:/lscc/radiant/2024.2/ip/pmi/pmi_ice40up.v(9): analyzing included file c:/lscc/radiant/2024.2/ip/pmi/pmi_multaddsub.v. VERI-1328
INFO <35901328> - c:/lscc/radiant/2024.2/ip/pmi/pmi_multaddsub.v(52): analyzing included file c:/lscc/radiant/2024.2/ip/pmi/../common/mult_add_sub/rtl/lscc_mult_add_sub.v. VERI-1328
INFO <35901328> - c:/lscc/radiant/2024.2/ip/pmi/pmi_ice40up.v(10): analyzing included file c:/lscc/radiant/2024.2/ip/pmi/pmi_mult.v. VERI-1328
INFO <35901328> - c:/lscc/radiant/2024.2/ip/pmi/pmi_mult.v(51): analyzing included file c:/lscc/radiant/2024.2/ip/pmi/../common/multiplier/rtl/lscc_multiplier.v. VERI-1328
INFO <35901328> - c:/lscc/radiant/2024.2/ip/pmi/pmi_ice40up.v(11): analyzing included file c:/lscc/radiant/2024.2/ip/pmi/pmi_ram_dp.v. VERI-1328
INFO <35901328> - c:/lscc/radiant/2024.2/ip/pmi/pmi_ram_dp.v(48): analyzing included file c:/lscc/radiant/2024.2/ip/pmi/../common/ram_dp/rtl/lscc_ram_dp.v. VERI-1328
INFO <35901328> - c:/lscc/radiant/2024.2/ip/pmi/pmi_ice40up.v(12): analyzing included file c:/lscc/radiant/2024.2/ip/pmi/pmi_ram_dq.v. VERI-1328
INFO <35901328> - c:/lscc/radiant/2024.2/ip/pmi/pmi_ram_dq.v(45): analyzing included file c:/lscc/radiant/2024.2/ip/pmi/../common/ram_dq/rtl/lscc_ram_dq.v. VERI-1328
INFO <35901328> - c:/lscc/radiant/2024.2/ip/pmi/pmi_ice40up.v(13): analyzing included file c:/lscc/radiant/2024.2/ip/pmi/pmi_rom.v. VERI-1328
INFO <35901328> - c:/lscc/radiant/2024.2/ip/pmi/pmi_rom.v(45): analyzing included file c:/lscc/radiant/2024.2/ip/pmi/../common/rom/rtl/lscc_rom.v. VERI-1328
INFO <35901328> - c:/lscc/radiant/2024.2/ip/pmi/pmi_ice40up.v(14): analyzing included file c:/lscc/radiant/2024.2/ip/pmi/pmi_sub.v. VERI-1328
INFO <35901328> - c:/lscc/radiant/2024.2/ip/pmi/pmi_sub.v(50): analyzing included file c:/lscc/radiant/2024.2/ip/pmi/../common/subtractor/rtl/lscc_subtractor.v. VERI-1328
INFO <35901328> - c:/lscc/radiant/2024.2/ip/pmi/pmi_ice40up.v(15): analyzing included file c:/lscc/radiant/2024.2/ip/pmi/pmi_ram_dp_be.v. VERI-1328
INFO <35901328> - c:/lscc/radiant/2024.2/ip/pmi/pmi_ram_dp_be.v(49): analyzing included file c:/lscc/radiant/2024.2/ip/pmi/../common/ram_dp/rtl/lscc_ram_dp.v. VERI-1328
INFO <35901328> - c:/lscc/radiant/2024.2/ip/pmi/pmi_ice40up.v(16): analyzing included file c:/lscc/radiant/2024.2/ip/pmi/pmi_ram_dq_be.v. VERI-1328
INFO <35901328> - c:/lscc/radiant/2024.2/ip/pmi/pmi_ram_dq_be.v(45): analyzing included file c:/lscc/radiant/2024.2/ip/pmi/../common/ram_dq/rtl/lscc_ram_dq.v. VERI-1328
INFO <35901328> - c:/lscc/radiant/2024.2/ip/pmi/pmi_ice40up.v(17): analyzing included file c:/lscc/radiant/2024.2/ip/pmi/pmi_dsp.v. VERI-1328
Analyzing Verilog file c:/users/llemos/documents/github/e155-up-labs/lab1-fpga-7-seg-display/fpga/radiant_project/lab1_ll/source/impl_1/lab1_ll.sv. VERI-1482
Analyzing Verilog file c:/users/llemos/documents/github/e155-up-labs/lab1-fpga-7-seg-display/fpga/radiant_project/lab1_ll/source/impl_1/seven_seg_display.sv. VERI-1482
Analyzing VHDL file c:/lscc/radiant/2024.2/ip/pmi/pmi_ice40up.vhd. VHDL-1481
Analyzing VHDL file c:/lscc/radiant/2024.2/ip/pmi/pmi_ice40up.vhd

INFO <35921014> - c:/lscc/radiant/2024.2/ip/pmi/pmi_ice40up.vhd(4): analyzing package components. VHDL-1014
INFO <35921504> - The default VHDL library search path is now "C:/Users/llemos/Documents/GitHub/E155-uP-labs/lab1-fpga-7-seg-display/fpga/radiant_project/lab1_ll/impl_1". VHDL-1504
Top module language type = Verilog.
Top module name (Verilog, mixed language): lab1_ll
INFO <35901018> - c:/users/llemos/documents/github/e155-up-labs/lab1-fpga-7-seg-display/fpga/radiant_project/lab1_ll/source/impl_1/lab1_ll.sv(5): compiling module lab1_ll. VERI-1018
INFO <35901018> - c:/users/llemos/documents/github/e155-up-labs/lab1-fpga-7-seg-display/fpga/radiant_project/lab1_ll/source/impl_1/seven_seg_display.sv(3): compiling module seven_seg_display. VERI-1018
INFO <35901018> - C:/lscc/radiant/2024.2/ispfpga/../cae_library/synthesis/verilog/iCE40UP.v(756): compiling module HSOSC(CLKHF_DIV=2&apos;b01). VERI-1018
[Parameter Setting Section Start]

	[Parameter Settings for Instance(s): hf_osc]
	(Module: HSOSC)
		CLKHF_DIV                 2'b01

[Parameter Setting Section End]



WARNING <35935040> - Register counter_17__i1 clock is stuck at Zero. VDB-5040
WARNING <35935040> - Register counter_17__i2 clock is stuck at Zero. VDB-5040

################### Begin Area Report (lab1_ll)######################
Number of register bits => 23 of 5280 (0 % )
CCU2 => 12
FD1P3XZ => 23
HSOSC => 1
IB => 5
LUT4 => 10
OB => 10
################### End Area Report ##################
Number of odd-length carry chains : 1
Number of even-length carry chains : 0

################### Begin Clock Report ######################
Clock Nets
Number of Clocks: 1
  Net : clk, loads : 0
Clock Enable Nets
Number of Clock Enables: 0
Highest fanout non-clock nets
Top 10 highest fanout non-clock nets:
  Net : n222, loads : 23
  Net : n105[24], loads : 13
  Net : n105[23], loads : 13
  Net : n269, loads : 13
  Net : n105[22], loads : 12
  Net : n105[21], loads : 12
  Net : n267, loads : 12
  Net : n105[20], loads : 11
  Net : n105[19], loads : 11
  Net : n265, loads : 11
################### End Clock Report ##################

################### Begin Constraint Report ######################
Constraint Summary:
  Total number of constraints: 0
  Total number of constraints dropped: 0
###################  End Constraint Report  ######################

Peak Memory Usage: 93 MB

--------------------------------------------------------------
Total CPU Time: 5 secs 
Total REAL Time: 12 secs 
--------------------------------------------------------------
Checksum -- synthesis -- netlist: 3fb3623d884361b359714d0146bf3bb2536ee0e9



postsyn -a iCE40UP -p iCE40UP5K -t SG48 -sp High-Performance_1.2V -oc Industrial -top -w -o lab1_ll_impl_1_syn.udb lab1_ll_impl_1.vm
POSTSYN: Post Synthesis Process Radiant Software (64-bit) 2024.2.0.3.0
Command Line: postsyn -a iCE40UP -p iCE40UP5K -t SG48 -sp High-Performance_1.2V -oc Industrial -top -w -o lab1_ll_impl_1_syn.udb -gui -msgset C:/Users/llemos/Documents/GitHub/E155-uP-labs/lab1-fpga-7-seg-display/fpga/radiant_project/lab1_ll/promote.xml lab1_ll_impl_1.vm 
   Architecture:     iCE40UP
   Device:           iCE40UP5K
   Package:          SG48
   Performance:      High-Performance_1.2V
Reading input file 'lab1_ll_impl_1.vm' ...
CPU Time to convert: 0.046875
REAL Time to convert: 0
convert PEAK Memory Usage: 34 MB
convert CURRENT Memory Usage: 34 MB
Removing unused logic ...
Starting design annotation....
 
Constraint Summary:
   Total number of constraints: 1
   Total number of constraints dropped: 0
 
Writing output file 'lab1_ll_impl_1_syn.udb'.
POSTSYN finished successfully.
Total CPU Time: 0 secs 
Total REAL Time: 0 secs 
Peak Memory Usage: 42 MB
Checksum -- postsyn: 850f6eaf1ac5e6d1f04cff2fc1d33bfbaf1f03bd



pnmainc -log pnmain "lab1_ll_impl_1_map.tcl"
map:  version Radiant Software (64-bit) 2024.2.0.3.0

Copyright (c) 1991-1994 by NeoCAD Inc. All rights reserved.
Copyright (c) 1995 AT&T Corp.   All rights reserved.
Copyright (c) 1995-2001 Lucent Technologies Inc.  All rights reserved.
Copyright (c) 2001 Agere Systems   All rights reserved.
Copyright (c) 2002-2024 Lattice Semiconductor Corporation,  All rights reserved.

Command line:   map -pdc C:/Users/llemos/Documents/GitHub/E155-uP-labs/lab1-fpga-7-seg-display/fpga/radiant_project/lab1_ll/lab1_ll_pinassignments.pdc -i lab1_ll_impl_1_syn.udb -o lab1_ll_impl_1_map.udb -mp lab1_ll_impl_1.mrp -hierrpt -gui -msgset C:/Users/llemos/Documents/GitHub/E155-uP-labs/lab1-fpga-7-seg-display/fpga/radiant_project/lab1_ll/promote.xml 

Loading device for application GENERIC from file 'itpa08.nph' in environment: C:/lscc/radiant/2024.2/ispfpga.
Package Status:                     Preliminary    Version 1.5.



Design:  lab1_ll
Family:  iCE40UP
Device:  iCE40UP5K
Package: SG48
Performance Grade:  High-Performance_1.2V

Running general design DRC...




Design Summary:
   Number of slice registers:  23 out of  5280 (<1%)
   Number of I/O registers:      0 out of   117 (0%)
   Number of LUT4s:            35 out of  5280 (1%)
      Number of logic LUT4s:              11
      Number of ripple logic:             12 (24 LUT4s)
   Number of IO sites used:   15 out of 39 (38%)
      Number of IO sites used for general PIO: 15
      Number of IO sites used for I3C: 0 out of 2 (0%)
      (note: If I3C is not used, its site can be used as general PIO)
      Number of IO sites used for PIO+I3C: 15 out of 36 (42%)
      Number of IO sites used for OD+RGB IO buffers: 0 out of 3 (0%)
      (note: If RGB LED drivers are not used, sites can be used as OD outputs,
       see TN1288 iCE40 LED Driver Usage Guide)
      Number of IO sites used for PIO+I3C+OD+RGB: 15 out of 39 (38%)
   Number of DSPs:             0 out of 8 (0%)
   Number of I2Cs:             0 out of 2 (0%)
   Number of High Speed OSCs:  1 out of 1 (100%)
   Number of Low Speed OSCs:   0 out of 1 (0%)
   Number of RGB PWM:          0 out of 1 (0%)
   Number of RGB Drivers:      0 out of 1 (0%)
   Number of SCL FILTERs:      0 out of 2 (0%)
   Number of SRAMs:            0 out of 4 (0%)
   Number of WARMBOOTs:        0 out of 1 (0%)
   Number of SPIs:             0 out of 2 (0%)
   Number of EBRs:             0 out of 30 (0%)
   Number of PLLs:             0 out of 1 (0%)
   Number of Clocks:  1
      Net clk: 12 loads, 12 rising, 0 falling (Driver: Pin hf_osc.osc_inst/CLKHF)
   Number of Clock Enables:  1
      Net VCC_net: 1 loads, 0 SLICEs
   Number of LSRs:  1
      Net n222: 12 loads, 12 SLICEs
   Top 10 highest fanout non-clock nets:
      Net n222: 12 loads
      Net s_c_0: 8 loads
      Net s_c_1: 8 loads
      Net s_c_2: 8 loads
      Net s_c_3: 8 loads
      Net VCC_net: 3 loads
      Net led0_p42_c_24: 2 loads
      Net n261: 2 loads
      Net n263: 2 loads
      Net n624: 2 loads
Running physical design DRC...

 


   Number of warnings:  0
   Number of criticals: 0
   Number of errors:    0

Constraint Summary:
   Total number of constraints: 16
   Total number of constraints dropped: 0


Total CPU Time: 0 secs  
Total REAL Time: 0 secs  
Peak Memory Usage: 67 MB

Checksum -- map: 93c5893f7dbea92c7686eb8d8fe953398c20551a
Thank you for using Radiant. Total CPU/Elapsed time: 0 secs /0 secs 

pnmainc -log pnmain "lab1_ll_impl_1_par.tcl"

PAR: Place And Route Radiant Software (64-bit) 2024.2.0.3.0.
PARed on: Wed Sep  3 12:06:10 2025

Command Line: par -w -t 1 -cores 1 -hsp m -exp parPathBased=ON \
	lab1_ll_impl_1_map.udb lab1_ll_impl_1_par.dir/5_1.udb 

Loading lab1_ll_impl_1_map.udb ...
Loading device for application GENERIC from file 'itpa08.nph' in environment: C:/lscc/radiant/2024.2/ispfpga.
Package Status:                     Preliminary    Version 1.5.
Performance Hardware Data Status:   Advanced       Version 1.0.



Design:  lab1_ll
Family:  iCE40UP
Device:  iCE40UP5K
Package: SG48
Performance Grade:   High-Performance_1.2V

Constraint Summary
   Total number of constraints: 16
   Total number of constraints dropped: 0

Number of Signals: 86
Number of Connections: 162
Device utilization summary:

   SLICE (est.)      19/2640          1% used
     LUT             35/5280          1% used
     REG             23/5280         <1% used
   PIO               15/56           27% used
                     15/36           41% bonded
   IOLOGIC            0/56            0% used
   DSP                0/8             0% used
   I2C                0/2             0% used
   HFOSC              1/1           100% used
   LFOSC              0/1             0% used
   LEDDA_IP           0/1             0% used
   RGBA_DRV           0/1             0% used
   FILTER             0/2             0% used
   SRAM               0/4             0% used
   WARMBOOT           0/1             0% used
   SPI                0/2             0% used
   EBR                0/30            0% used
   PLL                0/1             0% used
   RGBOUTBUF          0/3             0% used
   I3C                0/2             0% used
   OPENDRAIN          0/3             0% used

Pin Constraint Summary:
   15 out of 15 pins locked (100% locked).

Finished Placer Phase 0 (HIER). CPU time: 0 secs , REAL time: 0 secs 


................
Finished Placer Phase 0 (AP).  CPU time: 0 secs , REAL time: 0 secs 

Starting Placer Phase 1. CPU time: 0 secs , REAL time: 0 secs 
..  ..
....................

Placer score = 13655.

Device SLICE utilization summary after final SLICE packing:
   SLICE             19/2640         <1% used

Finished Placer Phase 1. CPU time: 3 secs , REAL time: 3 secs 

Starting Placer Phase 2.
.

Placer score =  13607
Finished Placer Phase 2.  CPU time: 3 secs , REAL time: 3 secs 


------------------ Clock Report ------------------

Global Clocks :
  PRIMARY "clk" from comp "hf_osc.osc_inst" on site "HFOSC_R1C32", clk load = 12, ce load = 0, sr load = 0

  PRIMARY  : 1 out of 8 (12%)

--------------- End of Clock Report ---------------


I/O Usage Summary (final):
   15 out of 56 (26.8%) I/O sites used.
   15 out of 36 (41.7%) bonded I/O sites used.
   Number of I/O components: 15; differential: 0
   Number of Vref pins used: 0

I/O Bank Usage Summary:
+----------+---------------+------------+------------+------------+
| I/O Bank | Usage         | Bank Vccio | Bank Vref1 | Bank Vref2 |
+----------+---------------+------------+------------+------------+
| 0        | 8 / 14 ( 57%) | 3.3V       |            |            |
| 1        | 7 / 14 ( 50%) | 3.3V       |            |            |
| 2        | 0 / 8 (  0%)  | OFF        |            |            |
+----------+---------------+------------+------------+------------+

Total Placer CPU time: 3 secs , REAL time: 3 secs 


Checksum -- place: bf4b3f95cb16c182c59a9636ce1be18510fc8e
Writing design to file lab1_ll_impl_1_par.dir/5_1.udb ...


Start NBR router at 12:06:13 09/03/25

*****************************************************************
Info: NBR allows conflicts(one node used by more than one signal)
      in the earlier iterations. In each iteration, it tries to  
      solve the conflicts while keeping the critical connections 
      routed as short as possible. The routing process is said to
      be completed when no conflicts exist and all connections   
      are routed.                                                
Note: NBR uses a different method to calculate timing slacks. The
      worst slack and total negative slack may not be the same as
      that in timing report. You should always run the timing    
      tool to verify your design.                                
*****************************************************************

Starting routing resource preassignment
Preassignment Summary:
--------------------------------------------------------------------------------
1 global clock signals routed
58 connections routed (of 162 total) (35.80%)
---------------------------------------------------------
Clock routing summary:
Primary clocks (1 used out of 8 available):
#4  Signal "clk"
       Clock   loads: 12    out of    12 routed (100.00%)
---------------------------------------------------------
--------------------------------------------------------------------------------
Completed routing resource preassignment
    TimerIf::skewscore 0

Start NBR section for initial routing at 12:06:14 09/03/25
Level 4, iteration 1
+++++++++++++++++++++++++++++++++++++++++++++++++++++++++++++++++++
Routing in Serial Mode ......
+++++++++++++++++++++++++++++++++++++++++++++++++++++++++++++++++++
0(0.00%) conflict; 0(0.00%) untouched conn; 0 (nbr) score; 
Estimated worst slack/total negative slack<setup>: 29.651ns/0.000ns; real time: 0 secs 

Info: Initial congestion level at 75.00% usage is 0
Info: Initial congestion area  at 75.00% usage is 0 (0.00%)

Start NBR section for normal routing at 12:06:14 09/03/25
Level 4, iteration 1
0(0.00%) conflict; 0(0.00%) untouched conn; 0 (nbr) score; 
Estimated worst slack/total negative slack<setup>: 29.651ns/0.000ns; real time: 0 secs 

Start NBR section for setup/hold timing optimization with effort level 3 at 12:06:14 09/03/25
Changing speed to m;   changing temperature to -40
Changing speed to 6;   changing temperature to 100

Start NBR section for post-routing at 12:06:14 09/03/25

End NBR router with 0 unrouted connection(s)
Changing speed to m;   changing temperature to -40
Changing speed to 6;   changing temperature to 100

Checksum -- route: 572f2191e271948f5d1d18f8f166c8851fa5ed20

Total CPU time 0 secs 
Total REAL time: 0 secs 
Completely routed.
End of route.  162 routed (100.00%); 0 unrouted.

Writing design to file lab1_ll_impl_1_par.dir/5_1.udb ...


PAR_SUMMARY::Run status = Completed
PAR_SUMMARY::Number of unrouted conns = 0
PAR_SUMMARY::Estimated worst slack<setup/<ns>> = 29.651
PAR_SUMMARY::Timing score<setup/<ns>> = 0.000
PAR_SUMMARY::Estimated worst slack<hold/<ns>> = 1.913
PAR_SUMMARY::Timing score<hold/<ns>> = 0.000
PAR_SUMMARY::Number of errors = 0

Note: user must run 'timing' for timing closure signoff.

Total CPU  Time: 4 secs 
Total REAL Time: 5 secs 
Peak Memory Usage: 127.13 MB


par done!

Copyright (c) 1991-1994 by NeoCAD Inc. All rights reserved.
Copyright (c) 1995 AT&T Corp.   All rights reserved.
Copyright (c) 1995-2001 Lucent Technologies Inc.  All rights reserved.
Copyright (c) 2001 Agere Systems   All rights reserved.
Copyright (c) 2002-2024 Lattice Semiconductor Corporation,  All rights reserved.
Thank you for using Radiant. Total CPU/Elapsed time: 0 secs /5 secs 

timing -sethld -v 10 -u 10 -endpoints 10 -nperend 1 -sp High-Performance_1.2V -hsp m   -pwrprd -html -rpt "lab1_ll_impl_1.twr" "lab1_ll_impl_1.udb" 
timing -sethld -v 10 -u 10 -endpoints 10 -nperend 1 -sp High-Performance_1.2V -hsp m -pwrprd -html -rpt lab1_ll_impl_1.twr lab1_ll_impl_1.udb -gui -msgset C:/Users/llemos/Documents/GitHub/E155-uP-labs/lab1-fpga-7-seg-display/fpga/radiant_project/lab1_ll/promote.xml
Starting design reading...
Loading device for application GENERIC from file 'itpa08.nph' in environment: C:/lscc/radiant/2024.2/ispfpga.
Package Status:                     Preliminary    Version 1.5.
Performance Hardware Data Status:   Advanced       Version 1.0.
Loading udb::Database ...
Design:  lab1_ll
Family:  iCE40UP
Device:  iCE40UP5K
Package: SG48
Performance Grade:   High-Performance_1.2V



Successfully loading udb, 0.03 seconds

Initializing timer
Starting design annotation....
High-Performance_1.2V

Starting full timing analysis...
Performance Hardware Data Status:   Advanced       Version 1.0.
Connections ignored  12  counted  154  covered  89
Changing speed to m;   changing temperature to -40

STA Runtime and Peak Memory Usage :
Total CPU Time: 0 secs 
Total REAL Time: 0 secs 
Peak Memory Usage: 103 MB

 0.619908s wall, 0.484375s user + 0.140625s system = 0.625000s CPU (100.8%)


tmcheck -par "lab1_ll_impl_1.par"  

pnmainc -log pnmain "lab1_ll_impl_1_bit.tcl"
Loading lab1_ll_impl_1.udb ...
Loading device for application GENERIC from file 'itpa08.nph' in environment: C:/lscc/radiant/2024.2/ispfpga.
Package Status:                     Preliminary    Version 1.5.
Performance Hardware Data Status:   Advanced       Version 1.0.



Design:  lab1_ll
Family:  iCE40UP
Device:  iCE40UP5K
Package: SG48
Performance Grade:   High-Performance_1.2V

Constraint Summary
   Total number of constraints: 16
   Total number of constraints dropped: 0

Successfully loading design udb and device data from disks and to up-layer in CPU time: 0 secs , REAL time: 0 secs 



BITGEN: Bitstream Generator Radiant Software (64-bit) 2024.2.0.3.0
Copyright (c) 1991-1994 by NeoCAD Inc. All rights reserved.
Copyright (c) 1995 AT&T Corp.   All rights reserved.
Copyright (c) 1995-2001 Lucent Technologies Inc.  All rights reserved.
Copyright (c) 2001 Agere Systems   All rights reserved.
Copyright (c) 2002-2024 Lattice Semiconductor Corporation,  All rights reserved.


Running DRC.
DRC detected 0 errors and 0 warnings.

Preference Summary:
+---------------------------------+---------------------------------+
|  Preference                     |  Current Setting                |
+---------------------------------+---------------------------------+
 *  Default setting.
 ** The specified setting matches the default setting.


Creating bit map...
Saving bit stream in "C:/Users/llemos/Documents/GitHub/E155-uP-labs/lab1-fpga-7-seg-display/fpga/radiant_project/lab1_ll/impl_1/lab1_ll_impl_1.bin".
INFO <1081100> - Bitstream authenticated.
Bitstream generation complete!

Total CPU Time: 0 secs 
Total REAL Time: 6 secs 
Peak Memory Usage: 117 MB

Thank you for using Radiant. Total CPU/Elapsed time: 0 secs /6 secs 
